2020-09-04T17:06:27.437+0800 [DEBUG] [org.gradle.launcher.daemon.bootstrap.DaemonMain] Assuming the daemon was started with following jvm opts: [--add-opens, java.base/java.util=ALL-UNNAMED, --add-opens, java.base/java.lang=ALL-UNNAMED, --add-opens, java.base/java.lang.invoke=ALL-UNNAMED, --add-opens, java.prefs/java.util.prefs=ALL-UNNAMED, -XX:MaxMetaspaceSize=256m, -XX:+HeapDumpOnOutOfMemoryError, -Xms256m, -Xmx512m, -Dfile.encoding=UTF-8, -Duser.country=SG, -Duser.language=zh, -Duser.variant]
2020-09-04T17:06:27.559+0800 [INFO] [org.gradle.launcher.daemon.server.Daemon] start() called on daemon - DefaultDaemonContext[uid=c8072ae6-0bd9-4b98-acfa-aa36f4ac0691,javaHome=/Applications/IntelliJ IDEA CE.app/Contents/jbr/Contents/Home,daemonRegistryDir=/Users/yyutong/Desktop/iP/daemon,pid=40687,idleTimeout=10800000,priority=NORMAL,daemonOpts=--add-opens,java.base/java.util=ALL-UNNAMED,--add-opens,java.base/java.lang=ALL-UNNAMED,--add-opens,java.base/java.lang.invoke=ALL-UNNAMED,--add-opens,java.prefs/java.util.prefs=ALL-UNNAMED,-XX:MaxMetaspaceSize=256m,-XX:+HeapDumpOnOutOfMemoryError,-Xms256m,-Xmx512m,-Dfile.encoding=UTF-8,-Duser.country=SG,-Duser.language=zh,-Duser.variant]
2020-09-04T17:06:27.593+0800 [DEBUG] [org.gradle.internal.remote.internal.inet.InetAddresses] Adding IP addresses for network interface utun1
2020-09-04T17:06:27.593+0800 [DEBUG] [org.gradle.internal.remote.internal.inet.InetAddresses] Is this a loopback interface? false
2020-09-04T17:06:27.593+0800 [DEBUG] [org.gradle.internal.remote.internal.inet.InetAddresses] Adding remote address /fe80:0:0:0:79bc:c8e0:d8f4:f10f%utun1
2020-09-04T17:06:27.594+0800 [DEBUG] [org.gradle.internal.remote.internal.inet.InetAddresses] Adding IP addresses for network interface utun0
2020-09-04T17:06:27.594+0800 [DEBUG] [org.gradle.internal.remote.internal.inet.InetAddresses] Is this a loopback interface? false
2020-09-04T17:06:27.596+0800 [DEBUG] [org.gradle.internal.remote.internal.inet.InetAddresses] Adding remote address /fe80:0:0:0:797f:b1fc:d76a:4ed8%utun0
2020-09-04T17:06:27.596+0800 [DEBUG] [org.gradle.internal.remote.internal.inet.InetAddresses] Adding IP addresses for network interface llw0
2020-09-04T17:06:27.596+0800 [DEBUG] [org.gradle.internal.remote.internal.inet.InetAddresses] Is this a loopback interface? false
2020-09-04T17:06:27.597+0800 [DEBUG] [org.gradle.internal.remote.internal.inet.InetAddresses] Adding remote address /fe80:0:0:0:903d:1fff:fe6e:2154%llw0
2020-09-04T17:06:27.597+0800 [DEBUG] [org.gradle.internal.remote.internal.inet.InetAddresses] Adding IP addresses for network interface awdl0
2020-09-04T17:06:27.597+0800 [DEBUG] [org.gradle.internal.remote.internal.inet.InetAddresses] Is this a loopback interface? false
2020-09-04T17:06:27.597+0800 [DEBUG] [org.gradle.internal.remote.internal.inet.InetAddresses] Adding remote address /fe80:0:0:0:903d:1fff:fe6e:2154%awdl0
2020-09-04T17:06:27.597+0800 [DEBUG] [org.gradle.internal.remote.internal.inet.InetAddresses] Adding IP addresses for network interface en5
2020-09-04T17:06:27.598+0800 [DEBUG] [org.gradle.internal.remote.internal.inet.InetAddresses] Is this a loopback interface? false
2020-09-04T17:06:27.598+0800 [DEBUG] [org.gradle.internal.remote.internal.inet.InetAddresses] Adding remote address /fe80:0:0:0:aede:48ff:fe00:1122%en5
2020-09-04T17:06:27.598+0800 [DEBUG] [org.gradle.internal.remote.internal.inet.InetAddresses] Adding IP addresses for network interface en0
2020-09-04T17:06:27.598+0800 [DEBUG] [org.gradle.internal.remote.internal.inet.InetAddresses] Is this a loopback interface? false
2020-09-04T17:06:27.598+0800 [DEBUG] [org.gradle.internal.remote.internal.inet.InetAddresses] Adding remote address /fe80:0:0:0:1039:40c9:c6b5:289a%en0
2020-09-04T17:06:27.599+0800 [DEBUG] [org.gradle.internal.remote.internal.inet.InetAddresses] Adding remote address /192.168.1.108
2020-09-04T17:06:27.599+0800 [DEBUG] [org.gradle.internal.remote.internal.inet.InetAddresses] Adding IP addresses for network interface lo0
2020-09-04T17:06:27.599+0800 [DEBUG] [org.gradle.internal.remote.internal.inet.InetAddresses] Is this a loopback interface? true
2020-09-04T17:06:27.599+0800 [DEBUG] [org.gradle.internal.remote.internal.inet.InetAddresses] Ignoring remote address on loopback interface /fe80:0:0:0:0:0:0:1%lo0
2020-09-04T17:06:27.600+0800 [DEBUG] [org.gradle.internal.remote.internal.inet.InetAddresses] Adding loopback address /0:0:0:0:0:0:0:1%lo0
2020-09-04T17:06:27.600+0800 [DEBUG] [org.gradle.internal.remote.internal.inet.InetAddresses] Adding loopback address /127.0.0.1
2020-09-04T17:06:27.605+0800 [DEBUG] [org.gradle.internal.remote.internal.inet.TcpIncomingConnector] Listening on [e5d82492-4ffb-4754-9bd9-ce7541250934 port:61309, addresses:[localhost/127.0.0.1]].
2020-09-04T17:06:27.613+0800 [DEBUG] [org.gradle.launcher.daemon.server.Daemon] Daemon starting at: Fri Sep 04 17:06:27 CST 2020, with address: [e5d82492-4ffb-4754-9bd9-ce7541250934 port:61309, addresses:[localhost/127.0.0.1]]
2020-09-04T17:06:27.613+0800 [INFO] [org.gradle.launcher.daemon.server.DaemonRegistryUpdater] Advertising the daemon address to the clients: [e5d82492-4ffb-4754-9bd9-ce7541250934 port:61309, addresses:[localhost/127.0.0.1]]
2020-09-04T17:06:27.613+0800 [DEBUG] [org.gradle.launcher.daemon.server.DaemonRegistryUpdater] Advertised daemon context: DefaultDaemonContext[uid=c8072ae6-0bd9-4b98-acfa-aa36f4ac0691,javaHome=/Applications/IntelliJ IDEA CE.app/Contents/jbr/Contents/Home,daemonRegistryDir=/Users/yyutong/Desktop/iP/daemon,pid=40687,idleTimeout=10800000,priority=NORMAL,daemonOpts=--add-opens,java.base/java.util=ALL-UNNAMED,--add-opens,java.base/java.lang=ALL-UNNAMED,--add-opens,java.base/java.lang.invoke=ALL-UNNAMED,--add-opens,java.prefs/java.util.prefs=ALL-UNNAMED,-XX:MaxMetaspaceSize=256m,-XX:+HeapDumpOnOutOfMemoryError,-Xms256m,-Xmx512m,-Dfile.encoding=UTF-8,-Duser.country=SG,-Duser.language=zh,-Duser.variant]
2020-09-04T17:06:27.614+0800 [DEBUG] [org.gradle.launcher.daemon.registry.PersistentDaemonRegistry] Storing daemon address: [e5d82492-4ffb-4754-9bd9-ce7541250934 port:61309, addresses:[localhost/127.0.0.1]], context: DefaultDaemonContext[uid=c8072ae6-0bd9-4b98-acfa-aa36f4ac0691,javaHome=/Applications/IntelliJ IDEA CE.app/Contents/jbr/Contents/Home,daemonRegistryDir=/Users/yyutong/Desktop/iP/daemon,pid=40687,idleTimeout=10800000,priority=NORMAL,daemonOpts=--add-opens,java.base/java.util=ALL-UNNAMED,--add-opens,java.base/java.lang=ALL-UNNAMED,--add-opens,java.base/java.lang.invoke=ALL-UNNAMED,--add-opens,java.prefs/java.util.prefs=ALL-UNNAMED,-XX:MaxMetaspaceSize=256m,-XX:+HeapDumpOnOutOfMemoryError,-Xms256m,-Xmx512m,-Dfile.encoding=UTF-8,-Duser.country=SG,-Duser.language=zh,-Duser.variant]
2020-09-04T17:06:27.622+0800 [DEBUG] [org.gradle.cache.internal.DefaultFileLockManager] Waiting to acquire exclusive lock on daemon addresses registry.
2020-09-04T17:06:27.625+0800 [DEBUG] [org.gradle.cache.internal.DefaultFileLockManager] Lock acquired on daemon addresses registry.
2020-09-04T17:06:27.628+0800 [DEBUG] [org.gradle.cache.internal.DefaultFileLockManager] Releasing lock on daemon addresses registry.
2020-09-04T17:06:27.629+0800 [LIFECYCLE] [org.gradle.launcher.daemon.server.Daemon] Daemon server started.
2020-09-04T17:06:27.630+0800 [DEBUG] [org.gradle.launcher.daemon.bootstrap.DaemonStartupCommunication] Completed writing the daemon greeting. Closing streams...
2020-09-04T17:06:27.633+0800 [DEBUG] [org.gradle.internal.remote.internal.inet.TcpIncomingConnector] Accepted connection from /127.0.0.1:61310 to /127.0.0.1:61309.
2020-09-04T17:06:27.634+0800 [DEBUG] [org.gradle.launcher.daemon.server.Daemon] stopOnExpiration() called on daemon
2020-09-04T17:06:27.636+0800 [DEBUG] [org.gradle.launcher.daemon.server.Daemon] awaitExpiration() called on daemon
2020-09-04T17:06:27.637+0800 [DEBUG] [org.gradle.launcher.daemon.server.DaemonStateCoordinator] daemon is running. Sleeping until state changes.
2020-09-04T17:06:27.686+0800 [DEBUG] [org.gradle.launcher.daemon.server.SynchronizedDispatchConnection] thread 19: received class org.gradle.launcher.daemon.protocol.Build
2020-09-04T17:06:27.686+0800 [DEBUG] [org.gradle.launcher.daemon.server.DefaultDaemonConnection] thread 19: Received non-IO message from client: Build{id=da06861e-9ebc-4327-bad6-419368ca9d63, currentDir=/Users/yyutong/Desktop/iP}
2020-09-04T17:06:27.687+0800 [INFO] [org.gradle.launcher.daemon.server.DefaultIncomingConnectionHandler] Received command: Build{id=da06861e-9ebc-4327-bad6-419368ca9d63, currentDir=/Users/yyutong/Desktop/iP}.
2020-09-04T17:06:27.687+0800 [DEBUG] [org.gradle.launcher.daemon.server.DefaultIncomingConnectionHandler] Starting executing command: Build{id=da06861e-9ebc-4327-bad6-419368ca9d63, currentDir=/Users/yyutong/Desktop/iP} with connection: socket connection from /127.0.0.1:61309 to /127.0.0.1:61310.
2020-09-04T17:06:27.689+0800 [ERROR] [org.gradle.launcher.daemon.server.DaemonStateCoordinator] Command execution: started DaemonCommandExecution[command = Build{id=da06861e-9ebc-4327-bad6-419368ca9d63, currentDir=/Users/yyutong/Desktop/iP}, connection = DefaultDaemonConnection: socket connection from /127.0.0.1:61309 to /127.0.0.1:61310] after 0.0 minutes of idle
2020-09-04T17:06:27.689+0800 [INFO] [org.gradle.launcher.daemon.server.DaemonRegistryUpdater] Marking the daemon as busy, address: [e5d82492-4ffb-4754-9bd9-ce7541250934 port:61309, addresses:[localhost/127.0.0.1]]
2020-09-04T17:06:27.689+0800 [DEBUG] [org.gradle.launcher.daemon.registry.PersistentDaemonRegistry] Marking busy by address: [e5d82492-4ffb-4754-9bd9-ce7541250934 port:61309, addresses:[localhost/127.0.0.1]]
2020-09-04T17:06:27.690+0800 [DEBUG] [org.gradle.cache.internal.DefaultFileLockManager] Waiting to acquire exclusive lock on daemon addresses registry.
2020-09-04T17:06:27.690+0800 [DEBUG] [org.gradle.cache.internal.DefaultFileLockManager] Lock acquired on daemon addresses registry.
2020-09-04T17:06:27.691+0800 [DEBUG] [org.gradle.cache.internal.DefaultFileLockManager] Releasing lock on daemon addresses registry.
2020-09-04T17:06:27.691+0800 [DEBUG] [org.gradle.launcher.daemon.server.DaemonStateCoordinator] resetting idle timer
2020-09-04T17:06:27.692+0800 [DEBUG] [org.gradle.launcher.daemon.server.DaemonStateCoordinator] daemon is running. Sleeping until state changes.
2020-09-04T17:06:27.692+0800 [INFO] [org.gradle.launcher.daemon.server.exec.StartBuildOrRespondWithBusy] Daemon is about to start building Build{id=da06861e-9ebc-4327-bad6-419368ca9d63, currentDir=/Users/yyutong/Desktop/iP}. Dispatching build started information...
2020-09-04T17:06:27.692+0800 [DEBUG] [org.gradle.launcher.daemon.server.SynchronizedDispatchConnection] thread 21: dispatching org.gradle.launcher.daemon.protocol.BuildStarted@1a8e02d9
2020-09-04T17:06:27.694+0800 [DEBUG] [org.gradle.launcher.daemon.server.exec.EstablishBuildEnvironment] Configuring env variables: {PATH=/Library/Frameworks/Python.framework/Versions/3.8/bin:/opt/anaconda3/bin:/opt/anaconda3/condabin:/Library/Frameworks/Python.framework/Versions/3.7/bin:/usr/local/bin:/usr/bin:/bin:/usr/sbin:/sbin:/Library/Apple/usr/bin:/usr/local/mongodb/mongodb-osx-x86_64-3.4.2/bin, SHELL=/bin/bash, CONDA_DEFAULT_ENV=base, CONDA_EXE=/opt/anaconda3/bin/conda, MONGO_PATH=/usr/local/mongodb/mongodb-osx-x86_64-3.4.2, CONDA_PYTHON_EXE=/opt/anaconda3/bin/python, USER=yyutong, TMPDIR=/var/folders/lx/r_b543ds75b1jg729g4jv5240000gn/T/, SSH_AUTH_SOCK=/private/tmp/com.apple.launchd.LPojM2T1do/Listeners, CONDA_PREFIX=/opt/anaconda3, _CE_CONDA=, XPC_FLAGS=0x0, _CE_M=, __CF_USER_TEXT_ENCODING=0x1F5:0x19:0x34, CONDA_PROMPT_MODIFIER=(base) , LOGNAME=yyutong, LC_CTYPE=UTF-8, XPC_SERVICE_NAME=com.jetbrains.intellij.ce.8624, HOME=/Users/yyutong, CONDA_SHLVL=1}
2020-09-04T17:06:27.698+0800 [DEBUG] [org.gradle.launcher.daemon.server.exec.LogToClient] About to start relaying all logs to the client via the connection.
2020-09-04T17:06:27.699+0800 [INFO] [org.gradle.launcher.daemon.server.exec.LogToClient] The client will now receive all logging from the daemon (pid: 40687). The daemon log file: /Users/yyutong/Desktop/iP/daemon/6.2/daemon-40687.out.log
2020-09-04T17:06:27.701+0800 [INFO] [org.gradle.launcher.daemon.server.exec.LogAndCheckHealth] Starting build in new daemon [memory: 536.9 MB]
2020-09-04T17:06:27.706+0800 [DEBUG] [org.gradle.launcher.daemon.server.exec.ExecuteBuild] The daemon has started executing the build.
2020-09-04T17:06:27.707+0800 [DEBUG] [org.gradle.launcher.daemon.server.exec.ExecuteBuild] Executing build with daemon context: DefaultDaemonContext[uid=c8072ae6-0bd9-4b98-acfa-aa36f4ac0691,javaHome=/Applications/IntelliJ IDEA CE.app/Contents/jbr/Contents/Home,daemonRegistryDir=/Users/yyutong/Desktop/iP/daemon,pid=40687,idleTimeout=10800000,priority=NORMAL,daemonOpts=--add-opens,java.base/java.util=ALL-UNNAMED,--add-opens,java.base/java.lang=ALL-UNNAMED,--add-opens,java.base/java.lang.invoke=ALL-UNNAMED,--add-opens,java.prefs/java.util.prefs=ALL-UNNAMED,-XX:MaxMetaspaceSize=256m,-XX:+HeapDumpOnOutOfMemoryError,-Xms256m,-Xmx512m,-Dfile.encoding=UTF-8,-Duser.country=SG,-Duser.language=zh,-Duser.variant]
javafx.fxml.LoadException: 
/Users/yyutong/Desktop/iP/build/resources/main/view/MainWindow.fxml:9

	at javafx.fxml.FXMLLoader.constructLoadException(FXMLLoader.java:2625)
	at javafx.fxml.FXMLLoader.access$700(FXMLLoader.java:105)
	at javafx.fxml.FXMLLoader$ValueElement.processAttribute(FXMLLoader.java:930)
	at javafx.fxml.FXMLLoader$InstanceDeclarationElement.processAttribute(FXMLLoader.java:980)
	at javafx.fxml.FXMLLoader$Element.processStartElement(FXMLLoader.java:227)
	at javafx.fxml.FXMLLoader$ValueElement.processStartElement(FXMLLoader.java:752)
	at javafx.fxml.FXMLLoader.processStartElement(FXMLLoader.java:2722)
	at javafx.fxml.FXMLLoader.loadImpl(FXMLLoader.java:2552)
	at javafx.fxml.FXMLLoader.loadImpl(FXMLLoader.java:2466)
	at javafx.fxml.FXMLLoader.load(FXMLLoader.java:2435)
	at duke.Main.start(Main.java:22)
	at com.sun.javafx.application.LauncherImpl.lambda$launchApplication1$9(LauncherImpl.java:846)
	at com.sun.javafx.application.PlatformImpl.lambda$runAndWait$12(PlatformImpl.java:455)
	at com.sun.javafx.application.PlatformImpl.lambda$runLater$10(PlatformImpl.java:428)
	at java.base/java.security.AccessController.doPrivileged(Native Method)
	at com.sun.javafx.application.PlatformImpl.lambda$runLater$11(PlatformImpl.java:427)
	at com.sun.glass.ui.InvokeLaterDispatcher$Future.run(InvokeLaterDispatcher.java:96)
Caused by: java.lang.ClassNotFoundException: MainWindow
	at java.base/jdk.internal.loader.BuiltinClassLoader.loadClass(BuiltinClassLoader.java:581)
	at java.base/jdk.internal.loader.ClassLoaders$AppClassLoader.loadClass(ClassLoaders.java:178)
	at java.base/java.lang.ClassLoader.loadClass(ClassLoader.java:522)
	at javafx.fxml.FXMLLoader$ValueElement.processAttribute(FXMLLoader.java:928)
	... 14 more
